<?xml version="1.0" encoding="UTF-8"?>
<!-- Generated by org.testng.reporters.JUnitReportReporter -->
<testsuite hostname="BLR1-LHP-N03121" name="test.validateNavigation" tests="1" failures="0" timestamp="7 Jul 2020 14:39:19 GMT" time="0.178" errors="0">
  <testcase name="validateNav" time="0.178" classname="test.validateNavigation"/>
</testsuite> <!-- test.validateNavigation -->
