<?xml version="1.0" encoding="UTF-8"?>
<!-- Generated by org.testng.reporters.JUnitReportReporter -->
<testsuite hostname="BLR1-LHP-N03121" name="test.HomePage" tests="2" failures="0" timestamp="7 Jul 2020 14:39:19 GMT" time="15.219" errors="0">
  <testcase name="basePageNavigation" time="13.339" classname="test.HomePage"/>
  <testcase name="basePageNavigation" time="1.880" classname="test.HomePage"/>
</testsuite> <!-- test.HomePage -->
